# JRE version: Java(TM) SE Runtime Environment (8.0_201-b09) (build 1.8.0_201-b09)
# Java VM: Java HotSpot(TM) 64-Bit Server VM (25.201-b09 mixed mode linux-amd64 compressed oops)
Heap:
 PSYoungGen      total 209408K, used 17405K [0x00000000ebf00000, 0x00000000f9f80000, 0x0000000100000000)
  eden space 192000K, 0% used [0x00000000ebf00000,0x00000000ebf00000,0x00000000f7a80000)
  from space 17408K, 99% used [0x00000000f8e80000,0x00000000f9f7f6f8,0x00000000f9f80000)
  to   space 16896K, 0% used [0x00000000f7a80000,0x00000000f7a80000,0x00000000f8b00000)
 ParOldGen       total 90624K, used 43384K [0x00000000c3c00000, 0x00000000c9480000, 0x00000000ebf00000)
  object space 90624K, 47% used [0x00000000c3c00000,0x00000000c665e0b8,0x00000000c9480000)
 Metaspace       used 48992K, capacity 51086K, committed 51328K, reserved 1093632K
  class space    used 6226K, capacity 6711K, committed 6784K, reserved 1048576K
GC Heap History (10 events):
Event: 17,372 GC heap after
Heap after GC invocations=9 (full 0):
 PSYoungGen      total 137216K, used 9432K [0x00000000ebf00000, 0x00000000f9b80000, 0x0000000100000000)
  eden space 122368K, 0% used [0x00000000ebf00000,0x00000000ebf00000,0x00000000f3680000)
  from space 14848K, 63% used [0x00000000f3680000,0x00000000f3fb6078,0x00000000f4500000)
  to   space 14848K, 0% used [0x00000000f8d00000,0x00000000f8d00000,0x00000000f9b80000)
 ParOldGen       total 42496K, used 20918K [0x00000000c3c00000, 0x00000000c6580000, 0x00000000ebf00000)
  object space 42496K, 49% used [0x00000000c3c00000,0x00000000c506d9b0,0x00000000c6580000)
 Metaspace       used 20542K, capacity 21160K, committed 21296K, reserved 1069056K
  class space    used 2467K, capacity 2662K, committed 2688K, reserved 1048576K
}
Event: 17,372 GC heap before
{Heap before GC invocations=10 (full 1):
 PSYoungGen      total 137216K, used 9432K [0x00000000ebf00000, 0x00000000f9b80000, 0x0000000100000000)
  eden space 122368K, 0% used [0x00000000ebf00000,0x00000000ebf00000,0x00000000f3680000)
  from space 14848K, 63% used [0x00000000f3680000,0x00000000f3fb6078,0x00000000f4500000)
  to   space 14848K, 0% used [0x00000000f8d00000,0x00000000f8d00000,0x00000000f9b80000)
 ParOldGen       total 42496K, used 20918K [0x00000000c3c00000, 0x00000000c6580000, 0x00000000ebf00000)
  object space 42496K, 49% used [0x00000000c3c00000,0x00000000c506d9b0,0x00000000c6580000)
 Metaspace       used 20542K, capacity 21160K, committed 21296K, reserved 1069056K
  class space    used 2467K, capacity 2662K, committed 2688K, reserved 1048576K
Event: 17,618 GC heap after
Heap after GC invocations=10 (full 1):
 PSYoungGen      total 137216K, used 0K [0x00000000ebf00000, 0x00000000f9b80000, 0x0000000100000000)
  eden space 122368K, 0% used [0x00000000ebf00000,0x00000000ebf00000,0x00000000f3680000)
  from space 14848K, 0% used [0x00000000f3680000,0x00000000f3680000,0x00000000f4500000)
  to   space 14848K, 0% used [0x00000000f8d00000,0x00000000f8d00000,0x00000000f9b80000)
 ParOldGen       total 51200K, used 20515K [0x00000000c3c00000, 0x00000000c6e00000, 0x00000000ebf00000)
  object space 51200K, 40% used [0x00000000c3c00000,0x00000000c5008de8,0x00000000c6e00000)
 Metaspace       used 20542K, capacity 21160K, committed 21296K, reserved 1069056K
  class space    used 2467K, capacity 2662K, committed 2688K, reserved 1048576K
}
Event: 24,181 GC heap before
{Heap before GC invocations=11 (full 1):
 PSYoungGen      total 137216K, used 122368K [0x00000000ebf00000, 0x00000000f9b80000, 0x0000000100000000)
  eden space 122368K, 100% used [0x00000000ebf00000,0x00000000f3680000,0x00000000f3680000)
  from space 14848K, 0% used [0x00000000f3680000,0x00000000f3680000,0x00000000f4500000)
  to   space 14848K, 0% used [0x00000000f8d00000,0x00000000f8d00000,0x00000000f9b80000)
 ParOldGen       total 51200K, used 20515K [0x00000000c3c00000, 0x00000000c6e00000, 0x00000000ebf00000)
  object space 51200K, 40% used [0x00000000c3c00000,0x00000000c5008de8,0x00000000c6e00000)
 Metaspace       used 23220K, capacity 23904K, committed 24064K, reserved 1071104K
  class space    used 2739K, capacity 2958K, committed 3072K, reserved 1048576K
Event: 24,207 GC heap after
Heap after GC invocations=11 (full 1):
 PSYoungGen      total 169984K, used 14834K [0x00000000ebf00000, 0x00000000f9b80000, 0x0000000100000000)
  eden space 155136K, 0% used [0x00000000ebf00000,0x00000000ebf00000,0x00000000f5680000)
  from space 14848K, 99% used [0x00000000f8d00000,0x00000000f9b7c948,0x00000000f9b80000)
  to   space 16896K, 0% used [0x00000000f7a80000,0x00000000f7a80000,0x00000000f8b00000)
 ParOldGen       total 51200K, used 20638K [0x00000000c3c00000, 0x00000000c6e00000, 0x00000000ebf00000)
  object space 51200K, 40% used [0x00000000c3c00000,0x00000000c5027ab0,0x00000000c6e00000)
 Metaspace       used 23220K, capacity 23904K, committed 24064K, reserved 1071104K
  class space    used 2739K, capacity 2958K, committed 3072K, reserved 1048576K
}
Event: 28,308 GC heap before
{Heap before GC invocations=12 (full 1):
 PSYoungGen      total 169984K, used 115656K [0x00000000ebf00000, 0x00000000f9b80000, 0x0000000100000000)
  eden space 155136K, 64% used [0x00000000ebf00000,0x00000000f2175828,0x00000000f5680000)
  from space 14848K, 99% used [0x00000000f8d00000,0x00000000f9b7c948,0x00000000f9b80000)
  to   space 16896K, 0% used [0x00000000f7a80000,0x00000000f7a80000,0x00000000f8b00000)
 ParOldGen       total 51200K, used 20638K [0x00000000c3c00000, 0x00000000c6e00000, 0x00000000ebf00000)
  object space 51200K, 40% used [0x00000000c3c00000,0x00000000c5027ab0,0x00000000c6e00000)
 Metaspace       used 34280K, capacity 35368K, committed 35456K, reserved 1079296K
  class space    used 4344K, capacity 4666K, committed 4736K, reserved 1048576K
Event: 28,347 GC heap after
Heap after GC invocations=12 (full 1):
 PSYoungGen      total 208896K, used 11159K [0x00000000ebf00000, 0x00000000f9f80000, 0x0000000100000000)
  eden space 192000K, 0% used [0x00000000ebf00000,0x00000000ebf00000,0x00000000f7a80000)
  from space 16896K, 66% used [0x00000000f7a80000,0x00000000f8565c80,0x00000000f8b00000)
  to   space 17408K, 0% used [0x00000000f8e80000,0x00000000f8e80000,0x00000000f9f80000)
 ParOldGen       total 51200K, used 33496K [0x00000000c3c00000, 0x00000000c6e00000, 0x00000000ebf00000)
  object space 51200K, 65% used [0x00000000c3c00000,0x00000000c5cb6168,0x00000000c6e00000)
 Metaspace       used 34280K, capacity 35368K, committed 35456K, reserved 1079296K
  class space    used 4344K, capacity 4666K, committed 4736K, reserved 1048576K
}
Event: 28,347 GC heap before
{Heap before GC invocations=13 (full 2):
 PSYoungGen      total 208896K, used 11159K [0x00000000ebf00000, 0x00000000f9f80000, 0x0000000100000000)
  eden space 192000K, 0% used [0x00000000ebf00000,0x00000000ebf00000,0x00000000f7a80000)
  from space 16896K, 66% used [0x00000000f7a80000,0x00000000f8565c80,0x00000000f8b00000)
  to   space 17408K, 0% used [0x00000000f8e80000,0x00000000f8e80000,0x00000000f9f80000)
 ParOldGen       total 51200K, used 33496K [0x00000000c3c00000, 0x00000000c6e00000, 0x00000000ebf00000)
  object space 51200K, 65% used [0x00000000c3c00000,0x00000000c5cb6168,0x00000000c6e00000)
 Metaspace       used 34280K, capacity 35368K, committed 35456K, reserved 1079296K
  class space    used 4344K, capacity 4666K, committed 4736K, reserved 1048576K
Event: 28,542 GC heap after
Heap after GC invocations=13 (full 2):
 PSYoungGen      total 208896K, used 0K [0x00000000ebf00000, 0x00000000f9f80000, 0x0000000100000000)
  eden space 192000K, 0% used [0x00000000ebf00000,0x00000000ebf00000,0x00000000f7a80000)
  from space 16896K, 0% used [0x00000000f7a80000,0x00000000f7a80000,0x00000000f8b00000)
  to   space 17408K, 0% used [0x00000000f8e80000,0x00000000f8e80000,0x00000000f9f80000)
 ParOldGen       total 90624K, used 41712K [0x00000000c3c00000, 0x00000000c9480000, 0x00000000ebf00000)
  object space 90624K, 46% used [0x00000000c3c00000,0x00000000c64bc100,0x00000000c9480000)
 Metaspace       used 34278K, capacity 35362K, committed 35456K, reserved 1079296K
  class space    used 4343K, capacity 4665K, committed 4736K, reserved 1048576K
}
Event: 42,317 GC heap before
{Heap before GC invocations=14 (full 2):
 PSYoungGen      total 208896K, used 192000K [0x00000000ebf00000, 0x00000000f9f80000, 0x0000000100000000)
  eden space 192000K, 100% used [0x00000000ebf00000,0x00000000f7a80000,0x00000000f7a80000)
  from space 16896K, 0% used [0x00000000f7a80000,0x00000000f7a80000,0x00000000f8b00000)
  to   space 17408K, 0% used [0x00000000f8e80000,0x00000000f8e80000,0x00000000f9f80000)
 ParOldGen       total 90624K, used 41712K [0x00000000c3c00000, 0x00000000c9480000, 0x00000000ebf00000)
  object space 90624K, 46% used [0x00000000c3c00000,0x00000000c64bc100,0x00000000c9480000)
 Metaspace       used 48992K, capacity 51086K, committed 51328K, reserved 1093632K
  class space    used 6226K, capacity 6711K, committed 6784K, reserved 1048576K

